\BOOKMARK [0][-]{chapter.1}{Imaginemos}{}
\BOOKMARK [1][-]{section.1.1}{Introdu\347\343o}{chapter.1}
\BOOKMARK [1][-]{section.1.2}{O formato de imagem PPM}{chapter.1}
\BOOKMARK [1][-]{section.1.3}{Opera\347\365es gerais relativas ao processamento de dados, ficheiros e interface com o utilizador}{chapter.1}
\BOOKMARK [2][-]{subsection.1.3.1}{Leitura e armazenamento de imagens a partir de ficheiro}{section.1.3}
\BOOKMARK [2][-]{subsection.1.3.2}{Opera\347\365es de tratamento de imagens}{section.1.3}
\BOOKMARK [2][-]{subsection.1.3.3}{Visualiza\347\343o de imagens}{section.1.3}
\BOOKMARK [2][-]{subsection.1.3.4}{Interface para selec\347\343o de comandos}{section.1.3}
\BOOKMARK [1][-]{section.1.4}{Opera\347\365es fundamentais de processamento de imagem}{chapter.1}
\BOOKMARK [2][-]{subsection.1.4.1}{Altera\347\343o de vermelhos, verdes e azuis}{section.1.4}
\BOOKMARK [2][-]{subsection.1.4.2}{Cria\347\343o de moldura}{section.1.4}
\BOOKMARK [2][-]{subsection.1.4.3}{Passagem a tons de cinza}{section.1.4}
\BOOKMARK [2][-]{subsection.1.4.4}{ Rota\347\343o da imagem}{section.1.4}
\BOOKMARK [2][-]{subsection.1.4.5}{Reflex\343o de imagem}{section.1.4}
\BOOKMARK [2][-]{subsection.1.4.6}{Corte de imagem}{section.1.4}
\BOOKMARK [2][-]{subsection.1.4.7}{Negativo de imagem}{section.1.4}
\BOOKMARK [1][-]{section.1.5}{Outras opera\347\365es de processamento de imagem}{chapter.1}
\BOOKMARK [2][-]{subsection.1.5.1}{Esteganografia}{section.1.5}
\BOOKMARK [2][-]{subsection.1.5.2}{Encripta\347\343o}{section.1.5}
\BOOKMARK [1][-]{section.1.6}{Regras, crit\351rios e m\351todos de avalia\347\343o}{chapter.1}
\BOOKMARK [2][-]{subsection.1.6.1}{Constitui\347\343o de grupos de trabalho}{section.1.6}
\BOOKMARK [2][-]{subsection.1.6.2}{Metas de avalia\347\343o}{section.1.6}
