\BOOKMARK [0][-]{chapter.1}{Introdu\347\343o}{}% 1
\BOOKMARK [1][-]{section.1.1}{Computadores}{chapter.1}% 2
\BOOKMARK [1][-]{section.1.2}{Linguagens}{chapter.1}% 3
\BOOKMARK [1][-]{section.1.3}{A linguagem Python}{chapter.1}% 4
\BOOKMARK [1][-]{section.1.4}{Programas}{chapter.1}% 5
\BOOKMARK [1][-]{section.1.5}{O meu primeiro programa}{chapter.1}% 6
\BOOKMARK [1][-]{section.1.6}{Fazer escolhas}{chapter.1}% 7
\BOOKMARK [1][-]{section.1.7}{Repetir}{chapter.1}% 8
\BOOKMARK [1][-]{section.1.8}{Intermezzo}{chapter.1}% 9
\BOOKMARK [1][-]{section.1.9}{M\363dulos}{chapter.1}% 10
\BOOKMARK [1][-]{section.1.10}{Adivinhar}{chapter.1}% 11
\BOOKMARK [1][-]{section.1.11}{Modo n\343o interactivo}{chapter.1}% 12
\BOOKMARK [1][-]{section*.25}{Sum\341rio}{chapter.1}% 13
\BOOKMARK [1][-]{section*.26}{Teste os seus conhecimentos}{chapter.1}% 14
\BOOKMARK [1][-]{section*.27}{Exerc\355cios}{chapter.1}% 15
\BOOKMARK [0][-]{chapter.2}{Vis\365es \(I\)}{}% 16
\BOOKMARK [1][-]{section.2.1}{Coisas que mexem}{chapter.2}% 17
\BOOKMARK [1][-]{section.2.2}{Tartarugas e geometria}{chapter.2}% 18
\BOOKMARK [1][-]{section.2.3}{Intermezzo}{chapter.2}% 19
\BOOKMARK [1][-]{section.2.4}{Gr\341ficos de fun\347\365es}{chapter.2}% 20
\BOOKMARK [1][-]{section*.39}{Sum\341rio}{chapter.2}% 21
\BOOKMARK [1][-]{section*.40}{Teste os seus conhecimentos}{chapter.2}% 22
\BOOKMARK [1][-]{section*.41}{Exerc\355cios}{chapter.2}% 23
\BOOKMARK [0][-]{chapter.3}{Objectos \(I\)}{}% 24
\BOOKMARK [1][-]{section.3.1}{Generalidades}{chapter.3}% 25
\BOOKMARK [1][-]{section.3.2}{N\372meros}{chapter.3}% 26
\BOOKMARK [1][-]{section.3.3}{Booleanos}{chapter.3}% 27
\BOOKMARK [1][-]{section.3.4}{Cadeia de Caracteres}{chapter.3}% 28
\BOOKMARK [1][-]{section.3.5}{Range}{chapter.3}% 29
\BOOKMARK [1][-]{section.3.6}{Tuplos}{chapter.3}% 30
\BOOKMARK [1][-]{section.3.7}{Intermezzo}{chapter.3}% 31
\BOOKMARK [1][-]{section.3.8}{Imutabilidade}{chapter.3}% 32
\BOOKMARK [1][-]{section*.93}{Sum\341rio}{chapter.3}% 33
\BOOKMARK [1][-]{section*.94}{Teste os seus conhecimentos}{chapter.3}% 34
\BOOKMARK [1][-]{section*.95}{Exerc\355cios}{chapter.3}% 35
\BOOKMARK [0][-]{chapter.4}{Instru\347\365es Destrutivas }{}% 36
\BOOKMARK [1][-]{section.4.1}{Generalidades}{chapter.4}% 37
\BOOKMARK [1][-]{section.4.2}{Atribui\347\343o}{chapter.4}% 38
\BOOKMARK [1][-]{section.4.3}{Leitura}{chapter.4}% 39
\BOOKMARK [1][-]{section.4.4}{Escrita}{chapter.4}% 40
\BOOKMARK [1][-]{section*.106}{Sum\341rio}{chapter.4}% 41
\BOOKMARK [1][-]{section*.107}{Teste os seus conhecimentos}{chapter.4}% 42
\BOOKMARK [1][-]{section*.108}{Exerc\355cios}{chapter.4}% 43
\BOOKMARK [0][-]{chapter.5}{Instru\347\365es de Controlo}{}% 44
\BOOKMARK [1][-]{section.5.1}{Introdu\347\343o}{chapter.5}% 45
\BOOKMARK [1][-]{section.5.2}{Sequ\352ncias}{chapter.5}% 46
\BOOKMARK [1][-]{section.5.3}{Condicionais}{chapter.5}% 47
\BOOKMARK [1][-]{section.5.4}{Ciclos}{chapter.5}% 48
\BOOKMARK [1][-]{section.5.5}{Intermezzo}{chapter.5}% 49
\BOOKMARK [1][-]{section.5.6}{Qual o valor de ?}{chapter.5}% 50
\BOOKMARK [1][-]{section.5.7}{Outras Instru\347\365es de controlo}{chapter.5}% 51
\BOOKMARK [1][-]{section.5.8}{Excep\347\365es}{chapter.5}% 52
\BOOKMARK [1][-]{section*.138}{Sum\341rio}{chapter.5}% 53
\BOOKMARK [1][-]{section*.139}{Teste os seus conhecimentos}{chapter.5}% 54
\BOOKMARK [1][-]{section*.140}{Exerc\355cios}{chapter.5}% 55
\BOOKMARK [0][-]{chapter.6}{Objectos \(II\)}{}% 56
\BOOKMARK [1][-]{section.6.1}{Introdu\347\343o}{chapter.6}% 57
\BOOKMARK [1][-]{section.6.2}{Listas}{chapter.6}% 58
\BOOKMARK [1][-]{section.6.3}{Dicion\341rios}{chapter.6}% 59
\BOOKMARK [1][-]{section.6.4}{Mais exemplos}{chapter.6}% 60
\BOOKMARK [1][-]{section*.180}{Sum\341rio}{chapter.6}% 61
\BOOKMARK [1][-]{section*.181}{Teste os seus conhecimentos}{chapter.6}% 62
\BOOKMARK [1][-]{exercicio.6.21}{Exerc\355cios}{chapter.6}% 63
\BOOKMARK [0][-]{chapter.7}{Ficheiros }{}% 64
\BOOKMARK [1][-]{section.7.1}{Generalidades}{chapter.7}% 65
\BOOKMARK [1][-]{section.7.2}{Leitura}{chapter.7}% 66
\BOOKMARK [1][-]{section.7.3}{Escrita}{chapter.7}% 67
\BOOKMARK [1][-]{section.7.4}{Navegar}{chapter.7}% 68
\BOOKMARK [1][-]{section.7.5}{Intermezzo}{chapter.7}% 69
\BOOKMARK [1][-]{section.7.6}{Exemplo}{chapter.7}% 70
\BOOKMARK [1][-]{section.7.7}{De um ficheiro de palavras a um dicion\341rio de frequ\352ncias}{chapter.7}% 71
\BOOKMARK [1][-]{section.7.8}{Outros Tipos de Ficheiros}{chapter.7}% 72
\BOOKMARK [1][-]{section*.199}{Sum\341rio}{chapter.7}% 73
\BOOKMARK [1][-]{section*.200}{Teste os seus conhecimentos}{chapter.7}% 74
\BOOKMARK [1][-]{section*.201}{Exerc\355cios}{chapter.7}% 75
\BOOKMARK [0][-]{chapter.8}{Vis\365es \(II\)}{}% 76
\BOOKMARK [1][-]{section.8.1}{Introdu\347\343o}{chapter.8}% 77
\BOOKMARK [1][-]{section.8.2}{Representa\347\343o de imagens}{chapter.8}% 78
\BOOKMARK [1][-]{section.8.3}{O m\363dulo cImage}{chapter.8}% 79
\BOOKMARK [1][-]{section.8.4}{Exemplos B\341sicos}{chapter.8}% 80
\BOOKMARK [1][-]{section.8.5}{Manipula\347\365es simples}{chapter.8}% 81
\BOOKMARK [1][-]{section.8.6}{Intermezzo: abstrac\347\343o}{chapter.8}% 82
\BOOKMARK [1][-]{section.8.7}{Exemplos complementares}{chapter.8}% 83
\BOOKMARK [1][-]{section.8.8}{Filtros}{chapter.8}% 84
\BOOKMARK [1][-]{section.8.9}{O formato de imagem PPM}{chapter.8}% 85
\BOOKMARK [1][-]{section*.244}{Sum\341rio}{chapter.8}% 86
\BOOKMARK [1][-]{section*.245}{Teste os seus conhecimentos}{chapter.8}% 87
\BOOKMARK [1][-]{section*.246}{Exerc\355cios}{chapter.8}% 88
\BOOKMARK [0][-]{chapter.9}{Recursividade}{}% 89
\BOOKMARK [1][-]{section.9.1}{Conceitos}{chapter.9}% 90
\BOOKMARK [1][-]{section.9.2}{Exemplos}{chapter.9}% 91
\BOOKMARK [1][-]{section.9.3}{Exemplos Complementares}{chapter.9}% 92
\BOOKMARK [1][-]{section.9.4}{Quando usar?}{chapter.9}% 93
\BOOKMARK [1][-]{section*.279}{Sum\341rio}{chapter.9}% 94
\BOOKMARK [1][-]{section*.280}{Teste os seus conhecimentos}{chapter.9}% 95
\BOOKMARK [1][-]{section*.281}{Exerc\355cios}{chapter.9}% 96
\BOOKMARK [0][-]{chapter.10}{Complementos}{}% 97
\BOOKMARK [1][-]{section.10.1}{Introdu\347\343o}{chapter.10}% 98
\BOOKMARK [1][-]{section.10.2}{Ambiente e Alcance das Vari\341veis}{chapter.10}% 99
\BOOKMARK [1][-]{section.10.3}{M\363dulos}{chapter.10}% 100
\BOOKMARK [1][-]{section.10.4}{Defini\347\365es e Argumentos}{chapter.10}% 101
\BOOKMARK [1][-]{section.10.5}{Programa\347\343o Funcional}{chapter.10}% 102
\BOOKMARK [1][-]{section.10.6}{Iteradores e Geradores}{chapter.10}% 103
\BOOKMARK [1][-]{section*.304}{Sum\341rio}{chapter.10}% 104
\BOOKMARK [1][-]{section*.305}{Teste os seus conhecimentos}{chapter.10}% 105
\BOOKMARK [1][-]{section*.306}{Exerc\355cios}{chapter.10}% 106
\BOOKMARK [0][-]{chapter.11}{Desenvolvimento}{}% 107
\BOOKMARK [1][-]{section.11.1}{Introdu\347\343o}{chapter.11}% 108
\BOOKMARK [1][-]{section.11.2}{S\355ntese: desenvolvimento de programas}{chapter.11}% 109
\BOOKMARK [1][-]{section.11.3}{An\341lise: complexidade}{chapter.11}% 110
\BOOKMARK [1][-]{section.11.4}{An\341lise: correc\347\343o}{chapter.11}% 111
\BOOKMARK [1][-]{section*.325}{Sum\341rio}{chapter.11}% 112
\BOOKMARK [1][-]{section*.326}{Teste os seus conhecimentos}{chapter.11}% 113
\BOOKMARK [1][-]{section*.327}{Exerc\355cios}{chapter.11}% 114
